\BOOKMARK [1][-]{section*.5}{\376\377\004\022\004\022\004\025\004\024\004\025\004\035\004\030\004\025}{}% 1
\BOOKMARK [1][-]{section.1}{\376\377\004\020\004\075\004\060\004\073\004\070\004\067\000\040\004\077\004\100\004\065\004\064\004\074\004\065\004\102\004\075\004\076\004\071\000\040\004\076\004\061\004\073\004\060\004\101\004\102\004\070}{}% 2
\BOOKMARK [2][-]{subsection.1.1}{\376\377\004\046\004\070\004\104\004\100\004\076\004\062\004\076\004\065\000\040\004\072\004\076\004\064\004\070\004\100\004\076\004\062\004\060\004\075\004\070\004\065\000\040\004\067\004\062\004\103\004\072\004\076\004\062\004\076\004\071\000\040\004\070\004\075\004\104\004\076\004\100\004\074\004\060\004\106\004\070\004\070}{section.1}% 3
\BOOKMARK [2][-]{subsection.1.2}{\376\377\004\034\004\065\004\102\004\076\004\064\004\113\000\040\004\106\004\070\004\104\004\100\004\076\004\062\004\076\004\063\004\076\000\040\004\072\004\076\004\064\004\070\004\100\004\076\004\062\004\060\004\075\004\070\004\117\000\040\004\067\004\062\004\103\004\072\004\076\004\062\004\076\004\071\000\040\004\070\004\075\004\104\004\076\004\100\004\074\004\060\004\106\004\070\004\070}{section.1}% 4
\BOOKMARK [1][-]{section.2}{\376\377\004\042\004\065\004\105\004\075\004\070\004\107\004\065\004\101\004\072\004\076\004\065\000\040\004\067\004\060\004\064\004\060\004\075\004\070\004\065}{}% 5
\BOOKMARK [2][-]{subsection.2.1}{\376\377\004\036\004\101\004\075\004\076\004\062\004\060\004\075\004\070\004\065\000\040\004\064\004\073\004\117\000\040\004\100\004\060\004\067\004\100\004\060\004\061\004\076\004\102\004\072\004\070}{section.2}% 6
\BOOKMARK [2][-]{subsection.2.2}{\376\377\004\046\004\065\004\073\004\114\000\040\004\070\000\040\004\075\004\060\004\067\004\075\004\060\004\107\004\065\004\075\004\070\004\065\000\040\004\100\004\060\004\067\004\100\004\060\004\061\004\076\004\102\004\072\004\070}{section.2}% 7
\BOOKMARK [2][-]{subsection.2.3}{\376\377\004\042\004\100\004\065\004\061\004\076\004\062\004\060\004\075\004\070\004\117\000\040\004\077\004\076\004\073\004\114\004\067\004\076\004\062\004\060\004\102\004\065\004\073\004\117\000\040\004\072\000\040\004\070\004\075\004\102\004\065\004\100\004\104\004\065\004\071\004\101\004\103\000\040\004\077\004\100\004\076\004\063\004\100\004\060\004\074\004\074\004\113}{section.2}% 8
\BOOKMARK [2][-]{subsection.2.4}{\376\377\004\034\004\076\004\064\004\065\004\073\004\070\004\100\004\076\004\062\004\060\004\075\004\070\004\065\000\040\004\062\004\060\004\100\004\070\004\060\004\075\004\102\004\076\004\062\000\040\004\070\004\101\004\077\004\076\004\073\004\114\004\067\004\076\004\062\004\060\004\075\004\070\004\117}{section.2}% 9
\BOOKMARK [3][-]{subsubsection.2.4.1}{\376\377\004\022\004\060\004\100\004\070\004\060\004\075\004\102\000\040\004\070\004\101\004\077\004\076\004\073\004\114\004\067\004\076\004\062\004\060\004\075\004\070\004\117\000\040\000\253\004\027\004\060\004\063\004\100\004\103\004\067\004\072\004\060\000\273}{subsection.2.4}% 10
\BOOKMARK [3][-]{subsubsection.2.4.2}{\376\377\004\022\004\060\004\100\004\070\004\060\004\075\004\102\000\040\004\070\004\101\004\077\004\076\004\073\004\114\004\067\004\076\004\062\004\060\004\075\004\070\004\117\000\040\000\253\004\043\004\062\004\065\004\073\004\070\004\107\004\065\004\075\004\070\004\065\000/\004\103\004\074\004\065\004\075\004\114\004\110\004\065\004\075\004\070\004\065\000\040\004\074\004\060\004\101\004\110\004\102\004\060\004\061\004\060\000\273}{subsection.2.4}% 11
\BOOKMARK [3][-]{subsubsection.2.4.3}{\376\377\004\022\004\060\004\100\004\070\004\060\004\075\004\102\000\040\004\070\004\101\004\077\004\076\004\073\004\114\004\067\004\076\004\062\004\060\004\075\004\070\004\117\000\040\000\253\004\022\004\113\004\061\004\076\004\100\000\040\004\076\004\061\004\073\004\060\004\101\004\102\004\070\000\273}{subsection.2.4}% 12
\BOOKMARK [3][-]{subsubsection.2.4.4}{\376\377\004\022\004\060\004\100\004\070\004\060\004\075\004\102\000\040\004\070\004\101\004\077\004\076\004\073\004\114\004\067\004\076\004\062\004\060\004\075\004\070\004\117\000\040\000\253\004\037\004\103\004\101\004\072\000\273}{subsection.2.4}% 13
\BOOKMARK [3][-]{subsubsection.2.4.5}{\376\377\004\022\004\060\004\100\004\070\004\060\004\075\004\102\000\040\004\070\004\101\004\077\004\076\004\073\004\114\004\067\004\076\004\062\004\060\004\075\004\070\004\117\000\040\000\253\004\037\004\060\004\103\004\067\004\060\000\273}{subsection.2.4}% 14
\BOOKMARK [3][-]{subsubsection.2.4.6}{\376\377\004\022\004\060\004\100\004\070\004\060\004\075\004\102\000\040\004\070\004\101\004\077\004\076\004\073\004\114\004\067\004\076\004\062\004\060\004\075\004\070\004\117\000\040\000\253\004\037\004\100\004\076\004\077\004\103\004\101\004\102\004\070\004\102\004\114\000\273}{subsection.2.4}% 15
\BOOKMARK [3][-]{subsubsection.2.4.7}{\376\377\004\022\004\060\004\100\004\070\004\060\004\075\004\102\000\040\004\070\004\101\004\077\004\076\004\073\004\114\004\067\004\076\004\062\004\060\004\075\004\070\004\117\000\040\000\253\004\032\004\076\004\077\004\070\004\100\004\076\004\062\004\060\004\075\004\070\004\065\000\273}{subsection.2.4}% 16
\BOOKMARK [3][-]{subsubsection.2.4.8}{\376\377\004\022\004\060\004\100\004\070\004\060\004\075\004\102\000\040\004\070\004\101\004\077\004\076\004\073\004\114\004\067\004\076\004\062\004\060\004\075\004\070\004\117\000\040\000\253\004\022\004\101\004\102\004\060\004\062\004\070\004\102\004\114\000\273}{subsection.2.4}% 17
\BOOKMARK [3][-]{subsubsection.2.4.9}{\376\377\004\022\004\060\004\100\004\070\004\060\004\075\004\102\000\040\004\070\004\101\004\077\004\076\004\073\004\114\004\067\004\076\004\062\004\060\004\075\004\070\004\117\000\040\000\253\004\027\004\060\004\074\004\065\004\075\004\070\004\102\004\114\000\273}{subsection.2.4}% 18
\BOOKMARK [3][-]{subsubsection.2.4.10}{\376\377\004\022\004\060\004\100\004\070\004\060\004\075\004\102\000\040\004\070\004\101\004\077\004\076\004\073\004\114\004\067\004\076\004\062\004\060\004\075\004\070\004\117\000\040\000\253\004\043\004\064\004\060\004\073\004\065\004\075\004\070\004\065\000\273}{subsection.2.4}% 19
\BOOKMARK [3][-]{subsubsection.2.4.11}{\376\377\004\022\004\060\004\100\004\070\004\060\004\075\004\102\000\040\004\070\004\101\004\077\004\076\004\073\004\114\004\067\004\076\004\062\004\060\004\075\004\070\004\117\000\040\000\253\004\036\004\061\004\075\004\103\004\073\004\065\004\075\004\070\004\065\000\273}{subsection.2.4}% 20
\BOOKMARK [3][-]{subsubsection.2.4.12}{\376\377\004\022\004\060\004\100\004\070\004\060\004\075\004\102\000\040\004\070\004\101\004\077\004\076\004\073\004\114\004\067\004\076\004\062\004\060\004\075\004\070\004\117\000\040\000\253\004\037\004\076\004\075\004\070\004\066\004\065\004\075\004\070\004\065\000\040\004\063\004\100\004\076\004\074\004\072\004\076\004\101\004\102\004\070\000\273}{subsection.2.4}% 21
\BOOKMARK [3][-]{subsubsection.2.4.13}{\376\377\004\022\004\060\004\100\004\070\004\060\004\075\004\102\000\040\004\070\004\101\004\077\004\076\004\073\004\114\004\067\004\076\004\062\004\060\004\075\004\070\004\117\000\040\000\253\004\055\004\104\004\104\004\065\004\072\004\102\000\040\004\075\004\060\004\100\004\060\004\101\004\102\004\060\004\075\004\070\004\117\000/\004\067\004\060\004\102\004\103\004\105\004\060\004\075\004\070\004\117\000\273}{subsection.2.4}% 22
\BOOKMARK [3][-]{subsubsection.2.4.14}{\376\377\004\022\004\060\004\100\004\070\004\060\004\075\004\102\000\040\004\070\004\101\004\077\004\076\004\073\004\114\004\067\004\076\004\062\004\060\004\075\004\070\004\117\000\040\000\253\004\041\004\076\004\105\004\100\004\060\004\075\004\065\004\075\004\070\004\065\000\273}{subsection.2.4}% 23
\BOOKMARK [2][-]{subsection.2.5}{\376\377\004\035\004\065\004\104\004\103\004\075\004\072\004\106\004\070\004\076\004\075\004\060\004\073\004\114\004\075\004\113\004\065\000\040\004\102\004\100\004\065\004\061\004\076\004\062\004\060\004\075\004\070\004\117\000\040\004\072\000\040\004\077\004\100\004\076\004\063\004\100\004\060\004\074\004\074\004\075\004\076\004\071\000\040\004\101\004\070\004\101\004\102\004\065\004\074\004\065}{section.2}% 24
\BOOKMARK [3][-]{subsubsection.2.5.1}{\376\377\004\042\004\100\004\065\004\061\004\076\004\062\004\060\004\075\004\070\004\117\000\040\004\072\000\040\004\075\004\060\004\064\004\065\004\066\004\075\004\076\004\101\004\102\004\070}{subsection.2.5}% 25
\BOOKMARK [3][-]{subsubsection.2.5.2}{\376\377\004\042\004\100\004\065\004\061\004\076\004\062\004\060\004\075\004\070\004\117\000\040\004\072\000\040\004\077\004\100\004\076\004\063\004\100\004\060\004\074\004\074\004\075\004\076\004\074\004\103\000\040\004\076\004\061\004\065\004\101\004\077\004\065\004\107\004\065\004\075\004\070\004\116}{subsection.2.5}% 26
\BOOKMARK [3][-]{subsubsection.2.5.3}{\376\377\004\042\004\100\004\065\004\061\004\076\004\062\004\060\004\075\004\070\004\117\000\040\004\072\000\040\004\060\004\077\004\077\004\060\004\100\004\060\004\102\004\075\004\076\004\074\004\103\000\040\004\076\004\061\004\065\004\101\004\077\004\065\004\107\004\065\004\075\004\070\004\116}{subsection.2.5}% 27
\BOOKMARK [2][-]{subsection.2.6}{\376\377\004\042\004\100\004\065\004\061\004\076\004\062\004\060\004\075\004\070\004\117\000\040\004\072\000\040\004\076\004\104\004\076\004\100\004\074\004\073\004\065\004\075\004\070\004\116\000\040\004\064\004\076\004\072\004\103\004\074\004\065\004\075\004\102\004\060\004\106\004\070\004\070}{section.2}% 28
\BOOKMARK [1][-]{section.3}{\376\377\004\042\004\065\004\105\004\075\004\070\004\107\004\065\004\101\004\072\004\070\004\071\000\040\004\077\004\100\004\076\004\065\004\072\004\102}{}% 29
\BOOKMARK [2][-]{subsection.3.1}{\376\377\004\036\004\061\004\111\004\060\004\117\000\040\004\105\004\060\004\100\004\060\004\072\004\102\004\065\004\100\004\070\004\101\004\102\004\070\004\072\004\060\000\040\004\076\004\100\004\063\004\060\004\075\004\070\004\067\004\060\004\106\004\070\004\070\000\040\004\100\004\065\004\110\004\065\004\075\004\070\004\117\000\040\004\067\004\060\004\064\004\060\004\107\004\070}{section.3}% 30
\BOOKMARK [2][-]{subsection.3.2}{\376\377\004\036\004\061\004\076\004\101\004\075\004\076\004\062\004\060\004\075\004\070\004\065\000\040\004\062\004\113\004\061\004\076\004\100\004\060\000\040\004\102\004\065\004\105\004\075\004\076\004\073\004\076\004\063\004\070\004\070\000\040\004\077\004\100\004\076\004\065\004\072\004\102\004\070\004\100\004\076\004\062\004\060\004\075\004\070\004\117}{section.3}% 31
\BOOKMARK [3][-]{subsubsection.3.2.1}{\376\377\000P\000y\000t\000h\000o\000n}{subsection.3.2}% 32
\BOOKMARK [3][-]{subsubsection.3.2.2}{\376\377\000T\000K\000i\000n\000t\000e\000r}{subsection.3.2}% 33
\BOOKMARK [3][-]{subsubsection.3.2.3}{\376\377\000N\000u\000m\000P\000y}{subsection.3.2}% 34
\BOOKMARK [3][-]{subsubsection.3.2.4}{\376\377\000P\000y\000S\000D\000L}{subsection.3.2}% 35
\BOOKMARK [3][-]{subsubsection.3.2.5}{\376\377\000C\000t\000y\000p\000e\000s}{subsection.3.2}% 36
\BOOKMARK [2][-]{subsection.3.3}{\376\377\004\036\004\101\004\075\004\076\004\062\004\075\004\113\004\065\000\040\004\072\004\076\004\074\004\077\004\076\004\075\004\065\004\075\004\102\004\113}{section.3}% 37
\BOOKMARK [3][-]{subsubsection.3.3.1}{\376\377\000M\000a\000i\000n\000.\000p\000y}{subsection.3.3}% 38
\BOOKMARK [3][-]{subsubsection.3.3.2}{\376\377\000A\000u\000d\000i\000o\000.\000p\000y}{subsection.3.3}% 39
\BOOKMARK [3][-]{subsubsection.3.3.3}{\376\377\000A\000u\000d\000i\000o\000p\000l\000a\000y\000e\000r\000.\000p\000y}{subsection.3.3}% 40
\BOOKMARK [3][-]{subsubsection.3.3.4}{\376\377\000C\000a\000n\000v\000a\000s\000.\000p\000y}{subsection.3.3}% 41
\BOOKMARK [3][-]{subsubsection.3.3.5}{\376\377\000C\000o\000m\000m\000a\000n\000d\000.\000p\000y}{subsection.3.3}% 42
\BOOKMARK [3][-]{subsubsection.3.3.6}{\376\377\000E\000l\000i\000n\000e\000.\000p\000y}{subsection.3.3}% 43
\BOOKMARK [3][-]{subsubsection.3.3.7}{\376\377\000T\000l\000i\000n\000e\000.\000p\000y}{subsection.3.3}% 44
\BOOKMARK [3][-]{subsubsection.3.3.8}{\376\377\000W\000i\000n\000d\000o\000w\000.\000p\000y}{subsection.3.3}% 45
\BOOKMARK [2][-]{subsection.3.4}{\376\377\004\024\004\070\004\060\004\063\004\100\004\060\004\074\004\074\004\113\000\040\004\072\004\076\004\074\004\077\004\076\004\075\004\065\004\075\004\102\004\076\004\062}{section.3}% 46
\BOOKMARK [1][-]{section.4}{\376\377\004\040\004\060\004\061\004\076\004\107\004\070\004\071\000\040\004\077\004\100\004\076\004\065\004\072\004\102}{}% 47
\BOOKMARK [2][-]{subsection.4.1}{\376\377\004\032\004\073\004\060\004\101\004\101\004\113\000,\000\040\004\070\004\101\004\077\004\076\004\073\004\114\004\067\004\103\004\065\004\074\004\113\004\065\000\040\004\077\004\100\004\070\000\040\004\100\004\060\004\067\004\100\004\060\004\061\004\076\004\102\004\072\004\065\000\040\004\077\004\100\004\076\004\063\004\100\004\060\004\074\004\074\004\113}{section.4}% 48
\BOOKMARK [2][-]{subsection.4.2}{\376\377\004\041\004\070\004\101\004\102\004\065\004\074\004\075\004\076\004\065\000\040\004\102\004\065\004\101\004\102\004\070\004\100\004\076\004\062\004\060\004\075\004\070\004\065}{section.4}% 49
\BOOKMARK [3][-]{subsubsection.4.2.1}{\376\377\004\027\004\060\004\063\004\100\004\103\004\067\004\072\004\060\000\040\004\060\004\103\004\064\004\070\004\076\004\104\004\060\004\071\004\073\004\060}{subsection.4.2}% 50
\BOOKMARK [3][-]{subsubsection.4.2.2}{\376\377\004\037\004\100\004\076\004\070\004\063\004\100\004\113\004\062\004\062\004\060\004\075\004\070\004\065\000\040\004\060\004\103\004\064\004\070\004\076}{subsection.4.2}% 51
\BOOKMARK [3][-]{subsubsection.4.2.3}{\376\377\004\022\004\113\004\064\004\065\004\073\004\065\004\075\004\070\004\065\000\040\004\076\004\061\004\073\004\060\004\101\004\102\004\070}{subsection.4.2}% 52
\BOOKMARK [3][-]{subsubsection.4.2.4}{\376\377\004\040\004\065\004\064\004\060\004\072\004\102\004\070\004\100\004\076\004\062\004\060\004\075\004\070\004\065\000\040\004\060\004\103\004\064\004\070\004\076\004\064\004\060\004\075\004\075\004\113\004\105}{subsection.4.2}% 53
\BOOKMARK [3][-]{subsubsection.4.2.5}{\376\377\004\043\004\077\004\100\004\060\004\062\004\073\004\065\004\075\004\070\004\065\000\040\004\064\004\065\004\071\004\101\004\102\004\062\004\070\004\117\004\074\004\070}{subsection.4.2}% 54
\BOOKMARK [3][-]{subsubsection.4.2.6}{\376\377\004\041\004\076\004\105\004\100\004\060\004\075\004\065\004\075\004\070\004\065\000\040\004\060\004\103\004\064\004\070\004\076\004\104\004\060\004\071\004\073\004\060}{subsection.4.2}% 55
\BOOKMARK [1][-]{section*.34}{\376\377\004\027\004\020\004\032\004\033\004\056\004\047\004\025\004\035\004\030\004\025}{}% 56
\BOOKMARK [1][-]{Item.48}{\376\377\004\041\004\037\004\030\004\041\004\036\004\032\000\040\004\030\004\041\004\037\004\036\004\033\004\054\004\027\004\036\004\022\004\020\004\035\004\035\004\053\004\045\000\040\004\030\004\041\004\042\004\036\004\047\004\035\004\030\004\032\004\036\004\022}{}% 57
\BOOKMARK [1][-]{section*.36}{\376\377\004\037\004\040\004\030\004\033\004\036\004\026\004\025\004\035\004\030\004\025\000\040\004\020\000\040\004\044\004\100\004\060\004\063\004\074\004\065\004\075\004\102\004\113\000\040\004\070\004\101\004\105\004\076\004\064\004\075\004\076\004\063\004\076\000\040\004\072\004\076\004\064\004\060\000\040\004\077\004\100\004\076\004\063\004\100\004\060\004\074\004\074\004\113}{}% 58
