This is XeTeX, Version 3.141592653-2.6-0.999995 (MiKTeX 23.12) (preloaded format=xelatex 2024.1.9)  13 JAN 2024 17:20
entering extended mode
 restricted \write18 enabled.
 %&-line parsing enabled.
**./main.tex
(main.tex
LaTeX2e <2023-11-01>
L3 programming layer <2024-01-04>
(setup.tex (vkr.cls
Document Class: vkr VKR class
(D:\Course\MiKTeX\tex/latex/fontspec\fontspec.sty
(D:\Course\MiKTeX\tex/latex/l3packages/xparse\xparse.sty
(D:\Course\MiKTeX\tex/latex/l3kernel\expl3.sty
Package: expl3 2024-01-04 L3 programming layer (loader) 

(D:\Course\MiKTeX\tex/latex/l3backend\l3backend-xetex.def
File: l3backend-xetex.def 2024-01-04 L3 backend support: XeTeX
\g__graphics_track_int=\count183
\l__pdf_internal_box=\box51
\g__pdf_backend_object_int=\count184
\g__pdf_backend_annotation_int=\count185
\g__pdf_backend_link_int=\count186
))
Package: xparse 2023-10-10 L3 Experimental document command parser
)
Package: fontspec 2022/01/15 v2.8a Font selection for XeLaTeX and LuaLaTeX

(D:\Course\MiKTeX\tex/latex/fontspec\fontspec-xetex.sty
Package: fontspec-xetex 2022/01/15 v2.8a Font selection for XeLaTeX and LuaLaTe
X
\l__fontspec_script_int=\count187
\l__fontspec_language_int=\count188
\l__fontspec_strnum_int=\count189
\l__fontspec_tmp_int=\count190
\l__fontspec_tmpa_int=\count191
\l__fontspec_tmpb_int=\count192
\l__fontspec_tmpc_int=\count193
\l__fontspec_em_int=\count194
\l__fontspec_emdef_int=\count195
\l__fontspec_strong_int=\count196
\l__fontspec_strongdef_int=\count197
\l__fontspec_tmpa_dim=\dimen140
\l__fontspec_tmpb_dim=\dimen141
\l__fontspec_tmpc_dim=\dimen142

(D:\Course\MiKTeX\tex/latex/base\fontenc.sty
Package: fontenc 2021/04/29 v2.0v Standard LaTeX package
)
(D:\Course\MiKTeX\tex/latex/fontspec\fontspec.cfg)))

Package fontspec Info: Font family 'TimesNewRoman(0)' created for font 'Times
(fontspec)             New Roman' with options [Ligatures=TeX].
(fontspec)              
(fontspec)              This font family consists of the following NFSS
(fontspec)             series/shapes:
(fontspec)              
(fontspec)             - 'normal' (m/n) with NFSS spec.: <->"Times New
(fontspec)             Roman/OT:script=latn;language=dflt;mapping=tex-text;"
(fontspec)             - 'small caps'  (m/sc) with NFSS spec.: <->"Times New
(fontspec)             Roman/OT:script=latn;language=dflt;+smcp;mapping=tex-tex
t;"
(fontspec)             - 'bold' (b/n) with NFSS spec.: <->"Times New
(fontspec)             Roman/B/OT:script=latn;language=dflt;mapping=tex-text;"
(fontspec)             - 'bold small caps'  (b/sc) with NFSS spec.: <->"Times
(fontspec)             New
(fontspec)             Roman/B/OT:script=latn;language=dflt;+smcp;mapping=tex-t
ext;"
(fontspec)             - 'italic' (m/it) with NFSS spec.: <->"Times New
(fontspec)             Roman/I/OT:script=latn;language=dflt;mapping=tex-text;"
(fontspec)             - 'italic small caps'  (m/scit) with NFSS spec.:
(fontspec)             <->"Times New
(fontspec)             Roman/I/OT:script=latn;language=dflt;+smcp;mapping=tex-t
ext;"
(fontspec)             - 'bold italic' (b/it) with NFSS spec.: <->"Times New
(fontspec)             Roman/BI/OT:script=latn;language=dflt;mapping=tex-text;"

(fontspec)             - 'bold italic small caps'  (b/scit) with NFSS spec.:
(fontspec)             <->"Times New
(fontspec)             Roman/BI/OT:script=latn;language=dflt;+smcp;mapping=tex-
text;"

\pagetop=\skip48
\pagebottom=\skip49
\pageleft=\skip50
\pageright=\skip51
\pwidth=\skip52
\pheight=\skip53
\saved@arstrutbox=\box52
\c@section=\count198
\c@subsection=\count199
\c@subsubsection=\count266
\c@paragraph=\count267
\c@figure=\count268
\c@figurecnt=\count269
\abovecaptionskip=\skip54
\belowcaptionskip=\skip55
\c@table=\count270
\c@tablecnt=\count271
\c@lastpage=\count272
\c@числоПлакатов=\count273
\c@bibcount=\count274
)
(D:\Course\MiKTeX\tex/generic/babel\babel.sty
Package: babel 2023/12/10 v3.99 The Babel package
\babel@savecnt=\count275
\U@D=\dimen143
\l@unhyphenated=\language79

(D:\Course\MiKTeX\tex/generic/babel\xebabel.def)
\bbl@readstream=\read2
\bbl@dirlevel=\count276

*************************************
* Local config file bblopts.cfg used
*
(D:\Course\MiKTeX\tex/latex/arabi\bblopts.cfg
File: bblopts.cfg 2005/09/08 v0.1 add Arabic and Farsi to "declared" options of
 babel
)
(D:\Course\MiKTeX\tex/latex/babel-english\english.ldf
Language: english 2017/06/06 v3.3r English support from the babel system
Package babel Info: Hyphen rules for 'canadian' set to \l@english
(babel)             (\language0). Reported on input line 102.
Package babel Info: Hyphen rules for 'australian' set to \l@ukenglish
(babel)             (\language73). Reported on input line 105.
Package babel Info: Hyphen rules for 'newzealand' set to \l@ukenglish
(babel)             (\language73). Reported on input line 108.
)
(D:\Course\MiKTeX\tex/latex/babel-russian\russianb.ldf
File: russianb.ldf 2021/01/10 1.3m Russian support for the Babel system
Language: russian 2020/09/09 1.3k Russian support for the Babel system
Package babel Info: Making " an active character on input line 124.
Package babel Info: Default for \cyrdash is provided on input line 163.
))
(D:\Course\MiKTeX\tex/generic/babel/locale/ru\babel-russian.tex
Package babel Info: Importing font and identification data for russian
(babel)             from babel-ru.ini. Reported on input line 11.
)
(D:\Course\MiKTeX\tex/generic/babel/locale/en\babel-english.tex
Package babel Info: Importing font and identification data for english
(babel)             from babel-en.ini. Reported on input line 11.
)
(D:\Course\MiKTeX\tex/latex/graphics\graphicx.sty
Package: graphicx 2021/09/16 v1.2d Enhanced LaTeX Graphics (DPC,SPQR)

(D:\Course\MiKTeX\tex/latex/graphics\keyval.sty
Package: keyval 2022/05/29 v1.15 key=value parser (DPC)
\KV@toks@=\toks17
)
(D:\Course\MiKTeX\tex/latex/graphics\graphics.sty
Package: graphics 2022/03/10 v1.4e Standard LaTeX Graphics (DPC,SPQR)

(D:\Course\MiKTeX\tex/latex/graphics\trig.sty
Package: trig 2021/08/11 v1.11 sin cos tan (DPC)
)
(D:\Course\MiKTeX\tex/latex/graphics-cfg\graphics.cfg
File: graphics.cfg 2016/06/04 v1.11 sample graphics configuration
)
Package graphics Info: Driver file: xetex.def on input line 107.

(D:\Course\MiKTeX\tex/latex/graphics-def\xetex.def
File: xetex.def 2022/09/22 v5.0n Graphics/color driver for xetex
))
\Gin@req@height=\dimen144
\Gin@req@width=\dimen145
)
(D:\Course\MiKTeX\tex/latex/hyperref\hyperref.sty
Package: hyperref 2023-11-26 v7.01g Hypertext links for LaTeX

(D:\Course\MiKTeX\tex/generic/iftex\iftex.sty
Package: iftex 2022/02/03 v1.0f TeX engine tests
)
(D:\Course\MiKTeX\tex/generic/infwarerr\infwarerr.sty
Package: infwarerr 2019/12/03 v1.5 Providing info/warning/error messages (HO)
)
(D:\Course\MiKTeX\tex/latex/kvsetkeys\kvsetkeys.sty
Package: kvsetkeys 2022-10-05 v1.19 Key value parser (HO)
)
(D:\Course\MiKTeX\tex/generic/kvdefinekeys\kvdefinekeys.sty
Package: kvdefinekeys 2019-12-19 v1.6 Define keys (HO)
)
(D:\Course\MiKTeX\tex/generic/pdfescape\pdfescape.sty
Package: pdfescape 2019/12/09 v1.15 Implements pdfTeX's escape features (HO)

(D:\Course\MiKTeX\tex/generic/ltxcmds\ltxcmds.sty
Package: ltxcmds 2023-12-04 v1.26 LaTeX kernel commands for general use (HO)
)
(D:\Course\MiKTeX\tex/generic/pdftexcmds\pdftexcmds.sty
Package: pdftexcmds 2020-06-27 v0.33 Utility functions of pdfTeX for LuaTeX (HO
)
Package pdftexcmds Info: \pdf@primitive is available.
Package pdftexcmds Info: \pdf@ifprimitive is available.
Package pdftexcmds Info: \pdfdraftmode not found.
))
(D:\Course\MiKTeX\tex/latex/hycolor\hycolor.sty
Package: hycolor 2020-01-27 v1.10 Color options for hyperref/bookmark (HO)
)
(D:\Course\MiKTeX\tex/latex/letltxmacro\letltxmacro.sty
Package: letltxmacro 2019/12/03 v1.6 Let assignment for LaTeX macros (HO)
)
(D:\Course\MiKTeX\tex/latex/auxhook\auxhook.sty
Package: auxhook 2019-12-17 v1.6 Hooks for auxiliary files (HO)
)
(D:\Course\MiKTeX\tex/latex/hyperref\nameref.sty
Package: nameref 2023-11-26 v2.56 Cross-referencing by name of section

(D:\Course\MiKTeX\tex/latex/refcount\refcount.sty
Package: refcount 2019/12/15 v3.6 Data extraction from label references (HO)
)
(D:\Course\MiKTeX\tex/generic/gettitlestring\gettitlestring.sty
Package: gettitlestring 2019/12/15 v1.6 Cleanup title references (HO)

(D:\Course\MiKTeX\tex/latex/kvoptions\kvoptions.sty
Package: kvoptions 2022-06-15 v3.15 Key value format for package options (HO)
))
\c@section@level=\count277
)
(D:\Course\MiKTeX\tex/latex/etoolbox\etoolbox.sty
Package: etoolbox 2020/10/05 v2.5k e-TeX tools for LaTeX (JAW)
\etb@tempcnta=\count278
)
\@linkdim=\dimen146
\Hy@linkcounter=\count279
\Hy@pagecounter=\count280

(D:\Course\MiKTeX\tex/latex/hyperref\pd1enc.def
File: pd1enc.def 2023-11-26 v7.01g Hyperref: PDFDocEncoding definition (HO)
)
(D:\Course\MiKTeX\tex/generic/intcalc\intcalc.sty
Package: intcalc 2019/12/15 v1.3 Expandable calculations with integers (HO)
)
\Hy@SavedSpaceFactor=\count281

(D:\Course\MiKTeX\tex/latex/hyperref\puenc.def
File: puenc.def 2023-11-26 v7.01g Hyperref: PDF Unicode definition (HO)
)
Package hyperref Info: Option `unicode' set `true' on input line 3167.
Package hyperref Info: Hyper figures OFF on input line 4181.
Package hyperref Info: Link nesting OFF on input line 4186.
Package hyperref Info: Hyper index ON on input line 4189.
Package hyperref Info: Plain pages OFF on input line 4196.
Package hyperref Info: Backreferencing OFF on input line 4201.
Package hyperref Info: Implicit mode ON; LaTeX internals redefined.
Package hyperref Info: Bookmarks ON on input line 4448.
\c@Hy@tempcnt=\count282

(D:\Course\MiKTeX\tex/latex/url\url.sty
\Urlmuskip=\muskip16
Package: url 2013/09/16  ver 3.4  Verb mode for urls, etc.
)
LaTeX Info: Redefining \url on input line 4786.
\XeTeXLinkMargin=\dimen147

(D:\Course\MiKTeX\tex/generic/bitset\bitset.sty
Package: bitset 2019/12/09 v1.3 Handle bit-vector datatype (HO)

(D:\Course\MiKTeX\tex/generic/bigintcalc\bigintcalc.sty
Package: bigintcalc 2019/12/15 v1.5 Expandable calculations on big integers (HO
)
))
\Fld@menulength=\count283
\Field@Width=\dimen148
\Fld@charsize=\dimen149
Package hyperref Info: Hyper figures OFF on input line 6065.
Package hyperref Info: Link nesting OFF on input line 6070.
Package hyperref Info: Hyper index ON on input line 6073.
Package hyperref Info: backreferencing OFF on input line 6080.
Package hyperref Info: Link coloring OFF on input line 6085.
Package hyperref Info: Link coloring with OCG OFF on input line 6090.
Package hyperref Info: PDF/A mode OFF on input line 6095.

(D:\Course\MiKTeX\tex/latex/base\atbegshi-ltx.sty
Package: atbegshi-ltx 2021/01/10 v1.0c Emulation of the original atbegshi
package with kernel methods
)
\Hy@abspage=\count284
\c@Item=\count285
\c@Hfootnote=\count286
)
Package hyperref Info: Driver (autodetected): hxetex.

(D:\Course\MiKTeX\tex/latex/hyperref\hxetex.def
File: hxetex.def 2023-11-26 v7.01g Hyperref driver for XeTeX

(D:\Course\MiKTeX\tex/generic/stringenc\stringenc.sty
Package: stringenc 2019/11/29 v1.12 Convert strings between diff. encodings (HO
)
)
\pdfm@box=\box53
\c@Hy@AnnotLevel=\count287
\HyField@AnnotCount=\count288
\Fld@listcount=\count289
\c@bookmark@seq@number=\count290

(D:\Course\MiKTeX\tex/latex/rerunfilecheck\rerunfilecheck.sty
Package: rerunfilecheck 2022-07-10 v1.10 Rerun checks for auxiliary files (HO)

(D:\Course\MiKTeX\tex/latex/base\atveryend-ltx.sty
Package: atveryend-ltx 2020/08/19 v1.0a Emulation of the original atveryend pac
kage
with kernel methods
)
(D:\Course\MiKTeX\tex/generic/uniquecounter\uniquecounter.sty
Package: uniquecounter 2019/12/15 v1.4 Provide unlimited unique counter (HO)
)
Package uniquecounter Info: New unique counter `rerunfilecheck' on input line 2
85.
)
\Hy@SectionHShift=\skip56
)
(D:\Course\MiKTeX\tex/latex/float\float.sty
Package: float 2001/11/08 v1.3d Float enhancements (AL)
\c@float@type=\count291
\float@exts=\toks18
\float@box=\box54
\@float@everytoks=\toks19
\@floatcapt=\box55
)
(D:\Course\MiKTeX\tex/latex/pdflscape\pdflscape.sty
Package: pdflscape 2022-10-27 v0.13 Display of landscape pages in PDF

(D:\Course\MiKTeX\tex/latex/pdflscape\pdflscape-nometadata.sty
Package: pdflscape-nometadata 2022-10-28 v0.13 Display of landscape pages in PD
F (HO)

(D:\Course\MiKTeX\tex/latex/graphics\lscape.sty
Package: lscape 2020/05/28 v3.02 Landscape Pages (DPC)
)
Package pdflscape Info: Auto-detected driver: dvipdfm (xetex) on input line 98.

))
(D:\Course\MiKTeX\tex/latex/xltabular\xltabular.sty
Package: xltabular 2020/11/04 v0.2e `xltabular' package (hv,RN)

(D:\Course\MiKTeX\tex/latex/tools\tabularx.sty
Package: tabularx 2023/07/08 v2.11c `tabularx' package (DPC)

(D:\Course\MiKTeX\tex/latex/tools\array.sty
Package: array 2023/10/16 v2.5g Tabular extension package (FMi)
\col@sep=\dimen150
\ar@mcellbox=\box56
\extrarowheight=\dimen151
\NC@list=\toks20
\extratabsurround=\skip57
\backup@length=\skip58
\ar@cellbox=\box57
)
\TX@col@width=\dimen152
\TX@old@table=\dimen153
\TX@old@col=\dimen154
\TX@target=\dimen155
\TX@delta=\dimen156
\TX@cols=\count292
\TX@ftn=\toks21
)
(D:\Course\MiKTeX\tex/latex/ltablex\ltablex.sty
Package: ltablex 2014/08/13 v1.1 Modified tabularx

(D:\Course\MiKTeX\tex/latex/tools\longtable.sty
Package: longtable 2023-11-01 v4.19 Multi-page Table package (DPC)
\LTleft=\skip59
\LTright=\skip60
\LTpre=\skip61
\LTpost=\skip62
\LTchunksize=\count293
\LTcapwidth=\dimen157
\LT@head=\box58
\LT@firsthead=\box59
\LT@foot=\box60
\LT@lastfoot=\box61
\LT@gbox=\box62
\LT@cols=\count294
\LT@rows=\count295
\c@LT@tables=\count296
\c@LT@chunks=\count297
\LT@p@ftn=\toks22
)))
(D:\Course\MiKTeX\tex/latex/makecell\makecell.sty
Package: makecell 2009/08/03 V0.1e Managing of Tab Column Heads and Cells
\rotheadsize=\dimen158
\c@nlinenum=\count298
\TeXr@lab=\toks23
)

Package array Warning: Redefining primitive column r on input line 16.

(D:\Course\MiKTeX\tex/latex/caption\caption.sty
Package: caption 2023/08/05 v3.6o Customizing captions (AR)

(D:\Course\MiKTeX\tex/latex/caption\caption3.sty
Package: caption3 2023/07/31 v2.4d caption3 kernel (AR)
\caption@tempdima=\dimen159
\captionmargin=\dimen160
\caption@leftmargin=\dimen161
\caption@rightmargin=\dimen162
\caption@width=\dimen163
\caption@indent=\dimen164
\caption@parindent=\dimen165
\caption@hangindent=\dimen166
Package caption Info: Unknown document class (or package),
(caption)             standard defaults will be used.
Package caption Info: \@makecaption = \long macro:#1#2->\vskip \abovecaptionski
p \sbox \@tempboxa {#1 -- #2}\ifdim \wd \@tempboxa >\hsize #1 -- #2\par \else \
global \@minipagefalse \if \instring {Таб}{#1} \hb@xt@ \hsize {\box \@tempboxa 
\hfil }\else \hb@xt@ \hsize {\hfil \box \@tempboxa \hfil }\fi \fi \vskip \below
captionskip  on input line 1175.
)

Package caption Warning: Unknown document class (or package),
(caption)                standard defaults will be used.
See the caption package documentation for explanation.

\c@caption@flags=\count299
\c@continuedfloat=\count300
Package caption Info: float package is loaded.
Package caption Info: hyperref package is loaded.
Package caption Info: longtable package is loaded.
(D:\Course\MiKTeX\tex/latex/caption\ltcaption.sty
Package: ltcaption 2021/01/08 v1.4c longtable captions (AR)
))
(D:\Course\MiKTeX\tex/latex/enumitem\enumitem.sty
Package: enumitem 2019/06/20 v3.9 Customized lists
\labelindent=\skip63
\enit@outerparindent=\dimen167
\enit@toks=\toks24
\enit@inbox=\box63
\enit@count@id=\count301

! Undefined control sequence.
<argument> \scriptsize 
                       
l.1084 \SetEnumitemSize{script}\scriptsize
                                          
The control sequence at the end of the top line
of your error message was never \def'ed. If you have
misspelled it (e.g., `\hobx'), type `I' and the correct
spelling (e.g., `I\hbox'). Otherwise just continue,
and I'll forget about whatever was undefined.

! Undefined control sequence.
<argument> \small 
                  
l.1087 \SetEnumitemSize{small}\small
                                    
The control sequence at the end of the top line
of your error message was never \def'ed. If you have
misspelled it (e.g., `\hobx'), type `I' and the correct
spelling (e.g., `I\hbox'). Otherwise just continue,
and I'll forget about whatever was undefined.

! Undefined control sequence.
<argument> \Large 
                  
l.1090 \SetEnumitemSize{Large}\Large
                                    
The control sequence at the end of the top line
of your error message was never \def'ed. If you have
misspelled it (e.g., `\hobx'), type `I' and the correct
spelling (e.g., `I\hbox'). Otherwise just continue,
and I'll forget about whatever was undefined.

! Undefined control sequence.
<argument> \LARGE 
                  
l.1091 \SetEnumitemSize{LARGE}\LARGE
                                    
The control sequence at the end of the top line
of your error message was never \def'ed. If you have
misspelled it (e.g., `\hobx'), type `I' and the correct
spelling (e.g., `I\hbox'). Otherwise just continue,
and I'll forget about whatever was undefined.

! Undefined control sequence.
<argument> \huge 
                 
l.1092 \SetEnumitemSize{huge}\huge
                                  
The control sequence at the end of the top line
of your error message was never \def'ed. If you have
misspelled it (e.g., `\hobx'), type `I' and the correct
spelling (e.g., `I\hbox'). Otherwise just continue,
and I'll forget about whatever was undefined.

! Undefined control sequence.
<argument> \Huge 
                 
l.1093 \SetEnumitemSize{Huge}\Huge
                                  
The control sequence at the end of the top line
of your error message was never \def'ed. If you have
misspelled it (e.g., `\hobx'), type `I' and the correct
spelling (e.g., `I\hbox'). Otherwise just continue,
and I'll forget about whatever was undefined.

\enitdp@description=\count302
) (D:\Course\MiKTeX\tex/latex/graphics\color.sty
Package: color 2022/01/06 v1.3d Standard LaTeX Color (DPC)

(D:\Course\MiKTeX\tex/latex/graphics-cfg\color.cfg
File: color.cfg 2016/01/02 v1.6 sample color configuration
)
Package color Info: Driver file: xetex.def on input line 149.

(D:\Course\MiKTeX\tex/latex/graphics\mathcolor.ltx))
(D:\Course\MiKTeX\tex/latex/listings\listings.sty
\lst@mode=\count303
\lst@gtempboxa=\box64
\lst@token=\toks25
\lst@length=\count304
\lst@currlwidth=\dimen168
\lst@column=\count305
\lst@pos=\count306
\lst@lostspace=\dimen169
\lst@width=\dimen170
\lst@newlines=\count307
\lst@lineno=\count308
\lst@maxwidth=\dimen171

(D:\Course\MiKTeX\tex/latex/listings\lstmisc.sty
File: lstmisc.sty 2023/02/27 1.9 (Carsten Heinz)
\c@lstnumber=\count309
\lst@skipnumbers=\count310
\lst@framebox=\box65
)
(D:\Course\MiKTeX\tex/latex/listings\listings.cfg
File: listings.cfg 2023/02/27 1.9 listings configuration
))
Package: listings 2023/02/27 1.9 (Carsten Heinz)

Package fontspec Info: Font family 'Verdana(0)' created for font 'Verdana'
(fontspec)             with options
(fontspec)             [WordSpace={1,0,0},HyphenChar=None,PunctuationSpace=Word
Space,Scale=0.7].
(fontspec)              
(fontspec)              This font family consists of the following NFSS
(fontspec)             series/shapes:
(fontspec)              
(fontspec)             - 'normal' (m/n) with NFSS spec.:
(fontspec)             <->s*[0.7]"Verdana/OT:script=latn;language=dflt;"
(fontspec)             - 'small caps'  (m/sc) with NFSS spec.:
(fontspec)             <->s*[0.7]"Verdana/OT:script=latn;language=dflt;+smcp;"
(fontspec)             and font adjustment code:
(fontspec)             \fontdimen 2\font =1\fontdimen 2\font \fontdimen 3\font
(fontspec)             =0\fontdimen 3\font \fontdimen 4\font =0\fontdimen
(fontspec)             4\font \fontdimen 7\font =0\fontdimen 2\font
(fontspec)             \tex_hyphenchar:D \font =-1\scan_stop: 
(fontspec)             - 'bold' (b/n) with NFSS spec.:
(fontspec)             <->s*[0.7]"Verdana/B/OT:script=latn;language=dflt;"
(fontspec)             - 'bold small caps'  (b/sc) with NFSS spec.:
(fontspec)             <->s*[0.7]"Verdana/B/OT:script=latn;language=dflt;+smcp;
"
(fontspec)             and font adjustment code:
(fontspec)             \fontdimen 2\font =1\fontdimen 2\font \fontdimen 3\font
(fontspec)             =0\fontdimen 3\font \fontdimen 4\font =0\fontdimen
(fontspec)             4\font \fontdimen 7\font =0\fontdimen 2\font
(fontspec)             \tex_hyphenchar:D \font =-1\scan_stop: 
(fontspec)             - 'italic' (m/it) with NFSS spec.:
(fontspec)             <->s*[0.7]"Verdana/I/OT:script=latn;language=dflt;"
(fontspec)             - 'italic small caps'  (m/scit) with NFSS spec.:
(fontspec)             <->s*[0.7]"Verdana/I/OT:script=latn;language=dflt;+smcp;
"
(fontspec)             and font adjustment code:
(fontspec)             \fontdimen 2\font =1\fontdimen 2\font \fontdimen 3\font
(fontspec)             =0\fontdimen 3\font \fontdimen 4\font =0\fontdimen
(fontspec)             4\font \fontdimen 7\font =0\fontdimen 2\font
(fontspec)             \tex_hyphenchar:D \font =-1\scan_stop: 
(fontspec)             - 'bold italic' (b/it) with NFSS spec.:
(fontspec)             <->s*[0.7]"Verdana/BI/OT:script=latn;language=dflt;"
(fontspec)             - 'bold italic small caps'  (b/scit) with NFSS spec.:
(fontspec)             <->s*[0.7]"Verdana/BI/OT:script=latn;language=dflt;+smcp
;"
(fontspec)             and font adjustment code:
(fontspec)             \fontdimen 2\font =1\fontdimen 2\font \fontdimen 3\font
(fontspec)             =0\fontdimen 3\font \fontdimen 4\font =0\fontdimen
(fontspec)             4\font \fontdimen 7\font =0\fontdimen 2\font
(fontspec)             \tex_hyphenchar:D \font =-1\scan_stop: 


(D:\Course\MiKTeX\tex/latex/listings\lstlang1.sty
File: lstlang1.sty 2023/02/27 1.9 listings language file
)
(D:\Course\MiKTeX\tex/latex/listings\lstmisc.sty
File: lstmisc.sty 2023/02/27 1.9 (Carsten Heinz)
)) (main.aux)
\openout1 = `main.aux'.

LaTeX Font Info:    Checking defaults for OML/cmm/m/it on input line 30.
LaTeX Font Info:    ... okay on input line 30.
LaTeX Font Info:    Checking defaults for OMS/cmsy/m/n on input line 30.
LaTeX Font Info:    ... okay on input line 30.
LaTeX Font Info:    Checking defaults for OT1/cmr/m/n on input line 30.
LaTeX Font Info:    ... okay on input line 30.
LaTeX Font Info:    Checking defaults for T1/cmr/m/n on input line 30.
LaTeX Font Info:    ... okay on input line 30.
LaTeX Font Info:    Checking defaults for TS1/cmr/m/n on input line 30.
LaTeX Font Info:    Trying to load font information for TS1+cmr on input line 3
0.

(D:\Course\MiKTeX\tex/latex/base\ts1cmr.fd
File: ts1cmr.fd 2023/04/13 v2.5m Standard LaTeX font definitions
)
LaTeX Font Info:    ... okay on input line 30.
LaTeX Font Info:    Checking defaults for TU/lmr/m/n on input line 30.
LaTeX Font Info:    ... okay on input line 30.
LaTeX Font Info:    Checking defaults for OMX/cmex/m/n on input line 30.
LaTeX Font Info:    ... okay on input line 30.
LaTeX Font Info:    Checking defaults for U/cmr/m/n on input line 30.
LaTeX Font Info:    ... okay on input line 30.
LaTeX Font Info:    Checking defaults for PD1/pdf/m/n on input line 30.
LaTeX Font Info:    ... okay on input line 30.
LaTeX Font Info:    Checking defaults for PU/pdf/m/n on input line 30.
LaTeX Font Info:    ... okay on input line 30.

Package fontspec Info: Adjusting the maths setup (use [no-math] to avoid
(fontspec)             this).

\symlegacymaths=\mathgroup4
LaTeX Font Info:    Overwriting symbol font `legacymaths' in version `bold'
(Font)                  OT1/cmr/m/n --> OT1/cmr/bx/n on input line 30.
LaTeX Font Info:    Redeclaring math accent \acute on input line 30.
LaTeX Font Info:    Redeclaring math accent \grave on input line 30.
LaTeX Font Info:    Redeclaring math accent \ddot on input line 30.
LaTeX Font Info:    Redeclaring math accent \tilde on input line 30.
LaTeX Font Info:    Redeclaring math accent \bar on input line 30.
LaTeX Font Info:    Redeclaring math accent \breve on input line 30.
LaTeX Font Info:    Redeclaring math accent \check on input line 30.
LaTeX Font Info:    Redeclaring math accent \hat on input line 30.
LaTeX Font Info:    Redeclaring math accent \dot on input line 30.
LaTeX Font Info:    Redeclaring math accent \mathring on input line 30.
LaTeX Font Info:    Redeclaring math symbol \colon on input line 30.
LaTeX Font Info:    Redeclaring math symbol \Gamma on input line 30.
LaTeX Font Info:    Redeclaring math symbol \Delta on input line 30.
LaTeX Font Info:    Redeclaring math symbol \Theta on input line 30.
LaTeX Font Info:    Redeclaring math symbol \Lambda on input line 30.
LaTeX Font Info:    Redeclaring math symbol \Xi on input line 30.
LaTeX Font Info:    Redeclaring math symbol \Pi on input line 30.
LaTeX Font Info:    Redeclaring math symbol \Sigma on input line 30.
LaTeX Font Info:    Redeclaring math symbol \Upsilon on input line 30.
LaTeX Font Info:    Redeclaring math symbol \Phi on input line 30.
LaTeX Font Info:    Redeclaring math symbol \Psi on input line 30.
LaTeX Font Info:    Redeclaring math symbol \Omega on input line 30.
LaTeX Font Info:    Redeclaring math symbol \mathdollar on input line 30.
LaTeX Font Info:    Redeclaring symbol font `operators' on input line 30.
LaTeX Font Info:    Encoding `OT1' has changed to `TU' for symbol font
(Font)              `operators' in the math version `normal' on input line 30.
LaTeX Font Info:    Overwriting symbol font `operators' in version `normal'
(Font)                  OT1/cmr/m/n --> TU/TimesNewRoman(0)/m/n on input line 3
0.
LaTeX Font Info:    Encoding `OT1' has changed to `TU' for symbol font
(Font)              `operators' in the math version `bold' on input line 30.
LaTeX Font Info:    Overwriting symbol font `operators' in version `bold'
(Font)                  OT1/cmr/bx/n --> TU/TimesNewRoman(0)/m/n on input line 
30.
LaTeX Font Info:    Overwriting symbol font `operators' in version `normal'
(Font)                  TU/TimesNewRoman(0)/m/n --> TU/TimesNewRoman(0)/m/n on 
input line 30.
LaTeX Font Info:    Overwriting math alphabet `\mathit' in version `normal'
(Font)                  OT1/cmr/m/it --> TU/TimesNewRoman(0)/m/it on input line
 30.
LaTeX Font Info:    Overwriting math alphabet `\mathbf' in version `normal'
(Font)                  OT1/cmr/bx/n --> TU/TimesNewRoman(0)/b/n on input line 
30.
LaTeX Font Info:    Overwriting math alphabet `\mathsf' in version `normal'
(Font)                  OT1/cmss/m/n --> TU/lmss/m/n on input line 30.
LaTeX Font Info:    Overwriting math alphabet `\mathtt' in version `normal'
(Font)                  OT1/cmtt/m/n --> TU/Verdana(0)/m/n on input line 30.
LaTeX Font Info:    Overwriting symbol font `operators' in version `bold'
(Font)                  TU/TimesNewRoman(0)/m/n --> TU/TimesNewRoman(0)/b/n on 
input line 30.
LaTeX Font Info:    Overwriting math alphabet `\mathit' in version `bold'
(Font)                  OT1/cmr/bx/it --> TU/TimesNewRoman(0)/b/it on input lin
e 30.
LaTeX Font Info:    Overwriting math alphabet `\mathsf' in version `bold'
(Font)                  OT1/cmss/bx/n --> TU/lmss/b/n on input line 30.
LaTeX Font Info:    Overwriting math alphabet `\mathtt' in version `bold'
(Font)                  OT1/cmtt/m/n --> TU/Verdana(0)/b/n on input line 30.
LaTeX Info: Redefining \th on input line 30.
Package hyperref Info: Link coloring OFF on input line 30.
 (main.out) (main.out)
\@outlinefile=\write3
\openout3 = `main.out'.

Package caption Info: Begin \AtBeginDocument code.
Package caption Info: listings package is loaded.
Package caption Info: End \AtBeginDocument code.
\c@lstlisting=\count311
 [1]
(ЛистЗадания.tex [2] (main.lop)
\tf@lop=\write4
\openout4 = `main.lop'.


Overfull \hbox (4.70218pt too wide) in paragraph at lines 93--104
[][]
 []


Underfull \hbox (badness 10000) in paragraph at lines 93--104

 []

) (Реферат.tex [3]
\c=\count312
\last=\count313
\pnul=\count314
\c=\count315
\last=\count316
\pnul=\count317
\c=\count318
\last=\count319
\pnul=\count320

Underfull \hbox (badness 1082) in paragraph at lines 11--12
[]\TU/TimesNewRoman(0)/m/n/14.4 При разработке программы использовался язык про
граммирования
 []

[4]
\c=\count321
\last=\count322
\pnul=\count323
\c=\count324
\last=\count325
\pnul=\count326
\c=\count327
\last=\count328
\pnul=\count329
) [5] (main.toc [6])
\tf@toc=\write5
\openout5 = `main.toc'.

 (main.lpc)
\tf@lpc=\write6
\openout6 = `main.lpc'.

 (Обозначения.tex [7]) (Введение.tex [8]
[9]) (Анализ.tex [10] [11] [12]) (ТехЗадание.tex [13]
Underfull \hbox (badness 1199) in paragraph at lines 4--5
[]\TU/TimesNewRoman(0)/m/n/14.4 Основанием для разработки является задание на к
урсовую работу
 []

File: images/test_image.jpg Graphic file (type bmp)
<images/test_image.jpg>
[14] [15]
File: images/diagram_choice.eps Graphic file (type eps)
<images/diagram_choice.eps>
 [16]) (ТехПроект.tex [17] [18]
File: images/diagram_comp.eps Graphic file (type eps)
<images/diagram_comp.eps>
 [19]
Overfull \hbox (3.4459pt too wide) in paragraph at lines 76--76
[]|\TU/TimesNewRoman(0)/m/n/14.4 sampwidth| 
 []


Overfull \hbox (3.4248pt too wide) in paragraph at lines 76--76
[]|\TU/TimesNewRoman(0)/m/n/14.4 compname| 
 []


Underfull \hbox (badness 10000) in paragraph at lines 76--76
[]|\TU/TimesNewRoman(0)/m/n/14.4 copy
 []


Underfull \hbox (badness 10000) in paragraph at lines 76--76
[]|\TU/TimesNewRoman(0)/m/n/14.4 Numpy.
 []


Underfull \hbox (badness 1242) in paragraph at lines 76--76
[]|\TU/TimesNewRoman(0)/m/n/14.4 Буфер для хранения
 []


Underfull \hbox (badness 10000) in paragraph at lines 76--76
[]|\TU/TimesNewRoman(0)/m/n/14.4 signals
 []


Underfull \hbox (badness 10000) in paragraph at lines 76--76
[]|\TU/TimesNewRoman(0)/m/n/14.4 Numpy.
 []


Underfull \hbox (badness 10000) in paragraph at lines 76--76
[]|\TU/TimesNewRoman(0)/m/n/14.4 Буфер для хране-
 []


Underfull \hbox (badness 10000) in paragraph at lines 76--76
\TU/TimesNewRoman(0)/m/n/14.4 ния прочитанных
 []

[20]
Underfull \hbox (badness 1924) in paragraph at lines 97--97
[]|\TU/TimesNewRoman(0)/m/n/14.4 Флаг для проверки ак-
 []


Underfull \hbox (badness 10000) in paragraph at lines 97--97
[]|\TU/TimesNewRoman(0)/m/n/14.4 Проигрываемый аудио-
 []


Underfull \hbox (badness 7168) in paragraph at lines 97--97
[]|\TU/TimesNewRoman(0)/m/n/14.4 Время начала выбран-
 []


Underfull \hbox (badness 10000) in paragraph at lines 97--97
[]|\TU/TimesNewRoman(0)/m/n/14.4 start
 []


Underfull \hbox (badness 1584) in paragraph at lines 97--97
[]|\TU/TimesNewRoman(0)/m/n/14.4 Индекс начала выбран-
 []


Underfull \hbox (badness 6708) in paragraph at lines 97--97
[]|\TU/TimesNewRoman(0)/m/n/14.4 Индекс конца выбран-
 []

[21]
Underfull \hbox (badness 10000) in paragraph at lines 113--113
[]|\TU/TimesNewRoman(0)/m/n/14.4 scrollable
 []


Underfull \hbox (badness 10000) in paragraph at lines 113--113
[]|\TU/TimesNewRoman(0)/m/n/14.4 Вспомагательная про-
 []


Underfull \hbox (badness 10000) in paragraph at lines 113--113
[]|\TU/TimesNewRoman(0)/m/n/14.4 scrollable
 []


Overfull \hbox (1.47495pt too wide) in paragraph at lines 113--113
[]|\TU/TimesNewRoman(0)/m/n/14.4 Scrollable
 []


Overfull \hbox (2.29057pt too wide) in paragraph at lines 135--135
[]|\TU/TimesNewRoman(0)/m/n/14.4 AudioPla-
 []


Underfull \hbox (badness 10000) in paragraph at lines 135--135
[]|\TU/TimesNewRoman(0)/m/n/14.4 Группированные значения
 []


Underfull \hbox (badness 10000) in paragraph at lines 135--135
[]|\TU/TimesNewRoman(0)/m/n/14.4 signals
 []


Underfull \hbox (badness 2189) in paragraph at lines 135--135
[]|\TU/TimesNewRoman(0)/m/n/14.4 Количество пикселей, необ-
 []


Underfull \hbox (badness 1107) in paragraph at lines 135--135
\TU/TimesNewRoman(0)/m/n/14.4 ходимое для отображения 1
 []

[22]
Underfull \hbox (badness 5607) in paragraph at lines 150--150
[]|\TU/TimesNewRoman(0)/m/n/14.4 Объект класса
 []


Underfull \hbox (badness 10000) in paragraph at lines 150--150
[]|\TU/TimesNewRoman(0)/m/n/14.4 start
 []


Underfull \hbox (badness 2707) in paragraph at lines 150--150
[]|\TU/TimesNewRoman(0)/m/n/14.4 Индекс начала
 []


Underfull \hbox (badness 1168) in paragraph at lines 150--150
\TU/TimesNewRoman(0)/m/n/14.4 выбранной об-
 []


Underfull \hbox (badness 10000) in paragraph at lines 150--150
[]|\TU/TimesNewRoman(0)/m/n/14.4 Индекс конца
 []


Underfull \hbox (badness 10000) in paragraph at lines 150--150
\TU/TimesNewRoman(0)/m/n/14.4 выбранной
 []


Underfull \hbox (badness 10000) in paragraph at lines 150--150
\TU/TimesNewRoman(0)/m/n/14.4 области в
 []


Underfull \hbox (badness 10000) in paragraph at lines 150--150
[]|\TU/TimesNewRoman(0)/m/n/14.4 Numpy.
 []


Underfull \hbox (badness 10000) in paragraph at lines 150--150
[]|\TU/TimesNewRoman(0)/m/n/14.4 Неизмененный
 []


Underfull \hbox (badness 10000) in paragraph at lines 150--150
\TU/TimesNewRoman(0)/m/n/14.4 фрагмент
 []

[23]) (РабочийПроект.tex [24]
Underfull \hbox (badness 10000) in paragraph at lines 43--43
[]|\TU/TimesNewRoman(0)/m/n/14.4 Дополнительные
 []


Underfull \hbox (badness 4531) in paragraph at lines 43--43
[]|\TU/TimesNewRoman(0)/m/n/14.4 Класс для визуа-
 []


Underfull \hbox (badness 10000) in paragraph at lines 43--43
[]|\TU/TimesNewRoman(0)/m/n/14.4 change lines
 []


Underfull \hbox (badness 10000) in paragraph at lines 43--43
\TU/TimesNewRoman(0)/m/n/14.4 position(start, end,
 []


Underfull \hbox (badness 3965) in paragraph at lines 43--43
\TU/TimesNewRoman(0)/m/n/14.4 xstart, xend, bplay) -
 []


Underfull \hbox (badness 10000) in paragraph at lines 43--43
\TU/TimesNewRoman(0)/m/n/14.4 bend) - перемеще-
 []


Underfull \hbox (badness 10000) in paragraph at lines 43--43
\TU/TimesNewRoman(0)/m/n/14.4 ние границ области
 []


Underfull \hbox (badness 10000) in paragraph at lines 43--43
\TU/TimesNewRoman(0)/m/n/14.4 аудио по нажатию,
 []


Underfull \hbox (badness 10000) in paragraph at lines 43--43
\TU/TimesNewRoman(0)/m/n/14.4 draw(bstart=False,
 []


Underfull \hbox (badness 10000) in paragraph at lines 43--43
\TU/TimesNewRoman(0)/m/n/14.4 bend=False,
 []


Underfull \hbox (badness 10000) in paragraph at lines 43--43
\TU/TimesNewRoman(0)/m/n/14.4 btime=False) - отри-
 []


Underfull \hbox (badness 10000) in paragraph at lines 43--43
\TU/TimesNewRoman(0)/m/n/14.4 совка аудиодорожки,
 []


Underfull \hbox (badness 10000) in paragraph at lines 43--43
\TU/TimesNewRoman(0)/m/n/14.4 change scale(badd)
 []


Underfull \hbox (badness 10000) in paragraph at lines 43--43
\TU/TimesNewRoman(0)/m/n/14.4 - смена масштаба,
 []


Underfull \hbox (badness 10000) in paragraph at lines 43--43
[]|\TU/TimesNewRoman(0)/m/n/14.4 change position(x) -
 []


Underfull \hbox (badness 1490) in paragraph at lines 43--43
[]|\TU/TimesNewRoman(0)/m/n/14.4 Класс линии вре-
 []


Underfull \hbox (badness 10000) in paragraph at lines 43--43
[]|\TU/TimesNewRoman(0)/m/n/14.4 change position(x)
 []


Underfull \hbox (badness 10000) in paragraph at lines 43--43
\TU/TimesNewRoman(0)/m/n/14.4 - смена позиции,
 []


Underfull \hbox (badness 10000) in paragraph at lines 43--43
\TU/TimesNewRoman(0)/m/n/14.4 movement(event) -
 []


Overfull \hbox (2.4778pt too wide) in paragraph at lines 43--43
[]|\TU/TimesNewRoman(0)/m/n/14.4 TimeLineLabel| 
 []


Overfull \hbox (5.50873pt too wide) in paragraph at lines 43--43
[]|\TU/TimesNewRoman(0)/m/n/14.4 audioplayer.py| 
 []


Underfull \hbox (badness 1199) in paragraph at lines 43--43
[]|\TU/TimesNewRoman(0)/m/n/14.4 Класс для загруз-
 []


Underfull \hbox (badness 3250) in paragraph at lines 43--43
\TU/TimesNewRoman(0)/m/n/14.4 ки, воспроизведе-
 []


Underfull \hbox (badness 1152) in paragraph at lines 43--43
\TU/TimesNewRoman(0)/m/n/14.4 ния и сохранения
 []


Underfull \hbox (badness 5802) in paragraph at lines 43--43
[]|\TU/TimesNewRoman(0)/m/n/14.4 open player() - ини-
 []


Underfull \hbox (badness 10000) in paragraph at lines 43--43
\TU/TimesNewRoman(0)/m/n/14.4 циализация плеера
 []


Underfull \hbox (badness 3713) in paragraph at lines 43--43
\TU/TimesNewRoman(0)/m/n/14.4 SDL, closr player() -
 []


Underfull \hbox (badness 10000) in paragraph at lines 43--43
\TU/TimesNewRoman(0)/m/n/14.4 pause audio(event)
 []


Underfull \hbox (badness 10000) in paragraph at lines 43--43
\TU/TimesNewRoman(0)/m/n/14.4 - прекращение
 []


Underfull \hbox (badness 10000) in paragraph at lines 43--43
\TU/TimesNewRoman(0)/m/n/14.4 воспроизведения,
 []


Underfull \hbox (badness 10000) in paragraph at lines 43--43
\TU/TimesNewRoman(0)/m/n/14.4 resume audio(event)
 []


Underfull \hbox (badness 10000) in paragraph at lines 43--43
\TU/TimesNewRoman(0)/m/n/14.4 - восстановление
 []


Underfull \hbox (badness 10000) in paragraph at lines 43--43
\TU/TimesNewRoman(0)/m/n/14.4 воспроизведения,
 []


Underfull \hbox (badness 4518) in paragraph at lines 43--43
\TU/TimesNewRoman(0)/m/n/14.4 set time borders(start,
 []


Underfull \hbox (badness 10000) in paragraph at lines 43--43
\TU/TimesNewRoman(0)/m/n/14.4 end, bload, bplay) -
 []


Underfull \hbox (badness 10000) in paragraph at lines 43--43
\TU/TimesNewRoman(0)/m/n/14.4 установка границ
 []


Underfull \hbox (badness 4792) in paragraph at lines 43--43
\TU/TimesNewRoman(0)/m/n/14.4 линии времени, load
 []


Underfull \hbox (badness 4328) in paragraph at lines 43--43
\TU/TimesNewRoman(0)/m/n/14.4 file(chunksize=2048) -
 []


Underfull \hbox (badness 10000) in paragraph at lines 43--43
\TU/TimesNewRoman(0)/m/n/14.4 загрузка аудиофайла,
 []


Underfull \hbox (badness 3029) in paragraph at lines 43--43
\TU/TimesNewRoman(0)/m/n/14.4 аудиофайла, save file
 []


Underfull \hbox (badness 3088) in paragraph at lines 43--43
\TU/TimesNewRoman(0)/m/n/14.4 where() - сохранение
 []


Underfull \hbox (badness 6927) in paragraph at lines 43--43
\TU/TimesNewRoman(0)/m/n/14.4 имени и расположе-
 []


Underfull \hbox (badness 1939) in paragraph at lines 43--43
\TU/TimesNewRoman(0)/m/n/14.4 для воспроизведения,
 []


Underfull \hbox (badness 10000) in paragraph at lines 43--43
\TU/TimesNewRoman(0)/m/n/14.4 play chunk(chunk) -
 []


Underfull \hbox (badness 10000) in paragraph at lines 43--43
\TU/TimesNewRoman(0)/m/n/14.4 воспроизведения из
 []


Overfull \hbox (4.35513pt too wide) in paragraph at lines 43--43
[]|\TU/TimesNewRoman(0)/m/n/14.4 CommandBuff-
 []


Underfull \hbox (badness 10000) in paragraph at lines 43--43
[]|\TU/TimesNewRoman(0)/m/n/14.4 Класс буфера
 []


Underfull \hbox (badness 4792) in paragraph at lines 43--43
\TU/TimesNewRoman(0)/m/n/14.4 совершенных над
 []


Underfull \hbox (badness 10000) in paragraph at lines 43--43
\TU/TimesNewRoman(0)/m/n/14.4 аудиоданными
 []


Underfull \hbox (badness 10000) in paragraph at lines 43--43
[]|\TU/TimesNewRoman(0)/m/n/14.4 Класс команды
 []


Underfull \hbox (badness 10000) in paragraph at lines 43--43
\TU/TimesNewRoman(0)/m/n/14.4 редактирования
 []


Underfull \hbox (badness 2698) in paragraph at lines 43--43
[]|\TU/TimesNewRoman(0)/m/n/14.4 Наследник класса
 []


Underfull \hbox (badness 10000) in paragraph at lines 43--43
\TU/TimesNewRoman(0)/m/n/14.4 Command; пред-
 []


Underfull \hbox (badness 10000) in paragraph at lines 43--43
\TU/TimesNewRoman(0)/m/n/14.4 ставляет собой
 []


Underfull \hbox (badness 10000) in paragraph at lines 43--43
\TU/TimesNewRoman(0)/m/n/14.4 обработку уда-
 []


Underfull \hbox (badness 10000) in paragraph at lines 43--43
\TU/TimesNewRoman(0)/m/n/14.4 ления области
 []


Overfull \hbox (3.82077pt too wide) in paragraph at lines 43--43
[]|\TU/TimesNewRoman(0)/m/n/14.4 PasteCommand| 
 []


Underfull \hbox (badness 2698) in paragraph at lines 43--43
[]|\TU/TimesNewRoman(0)/m/n/14.4 Наследник класса
 []


Underfull \hbox (badness 10000) in paragraph at lines 43--43
\TU/TimesNewRoman(0)/m/n/14.4 Command; пред-
 []


Underfull \hbox (badness 10000) in paragraph at lines 43--43
\TU/TimesNewRoman(0)/m/n/14.4 ставляет собой
 []


Underfull \hbox (badness 1038) in paragraph at lines 43--43
\TU/TimesNewRoman(0)/m/n/14.4 обработку замены
 []


Underfull \hbox (badness 10000) in paragraph at lines 43--43
[]|\TU/TimesNewRoman(0)/m/n/14.4 NullifyCom-
 []


Underfull \hbox (badness 2698) in paragraph at lines 43--43
[]|\TU/TimesNewRoman(0)/m/n/14.4 Наследник класса
 []


Underfull \hbox (badness 10000) in paragraph at lines 43--43
\TU/TimesNewRoman(0)/m/n/14.4 Command; пред-
 []


Underfull \hbox (badness 10000) in paragraph at lines 43--43
\TU/TimesNewRoman(0)/m/n/14.4 ставляет собой
 []


Underfull \hbox (badness 10000) in paragraph at lines 43--43
\TU/TimesNewRoman(0)/m/n/14.4 обработку обну-
 []


Underfull \hbox (badness 10000) in paragraph at lines 43--43
\TU/TimesNewRoman(0)/m/n/14.4 ления области
 []


Overfull \hbox (1.41608pt too wide) in paragraph at lines 43--43
[]|\TU/TimesNewRoman(0)/m/n/14.4 FadeCommand| 
 []


Underfull \hbox (badness 2698) in paragraph at lines 43--43
[]|\TU/TimesNewRoman(0)/m/n/14.4 Наследник класса
 []


Underfull \hbox (badness 10000) in paragraph at lines 43--43
\TU/TimesNewRoman(0)/m/n/14.4 Command; пред-
 []


Underfull \hbox (badness 10000) in paragraph at lines 43--43
\TU/TimesNewRoman(0)/m/n/14.4 ставляет собой
 []


Underfull \hbox (badness 3769) in paragraph at lines 43--43
\TU/TimesNewRoman(0)/m/n/14.4 обработку эффек-
 []


Underfull \hbox (badness 10000) in paragraph at lines 43--43
\TU/TimesNewRoman(0)/m/n/14.4 та нарастания и
 []


Underfull \hbox (badness 10000) in paragraph at lines 43--43
[]|\TU/TimesNewRoman(0)/m/n/14.4 VolumeCom-
 []


Underfull \hbox (badness 10000) in paragraph at lines 43--43
[]|\TU/TimesNewRoman(0)/m/n/14.4 Наследник клас-
 []


Underfull \hbox (badness 10000) in paragraph at lines 43--43
\TU/TimesNewRoman(0)/m/n/14.4 са Command;
 []


Underfull \hbox (badness 10000) in paragraph at lines 43--43
\TU/TimesNewRoman(0)/m/n/14.4 представляет со-
 []


Underfull \hbox (badness 10000) in paragraph at lines 43--43
\TU/TimesNewRoman(0)/m/n/14.4 бой обработку
 []

[25] [26] [27]
File: images/test_case1.jpg Graphic file (type bmp)
<images/test_case1.jpg>
File: images/test_case2.jpg Graphic file (type bmp)
<images/test_case2.jpg>
 [28]
File: images/test_case1.jpg Graphic file (type bmp)
<images/test_case1.jpg>
File: images/test_case3.jpg Graphic file (type bmp)
<images/test_case3.jpg>
 [29]
File: images/test_case2.jpg Graphic file (type bmp)
<images/test_case2.jpg>
File: images/test_case4.jpg Graphic file (type bmp)
<images/test_case4.jpg>
 [30]
File: images/test_case5.jpg Graphic file (type bmp)
<images/test_case5.jpg>
File: images/test_case6.jpg Graphic file (type bmp)
<images/test_case6.jpg>
 [31]
File: images/test_case5.jpg Graphic file (type bmp)
<images/test_case5.jpg>
File: images/test_case7.jpg Graphic file (type bmp)
<images/test_case7.jpg>
 [32]
File: images/test_case5.jpg Graphic file (type bmp)
<images/test_case5.jpg>
File: images/test_case8.jpg Graphic file (type bmp)
<images/test_case8.jpg>
 [33]
File: images/test_case5.jpg Graphic file (type bmp)
<images/test_case5.jpg>
File: images/test_case9.jpg Graphic file (type bmp)
<images/test_case9.jpg>
 [34]
File: images/test_case5.jpg Graphic file (type bmp)
<images/test_case5.jpg>
File: images/test_case10.jpg Graphic file (type bmp)
<images/test_case10.jpg>
 [35]
File: images/test_case5.jpg Graphic file (type bmp)
<images/test_case5.jpg>
File: images/test_case11.jpg Graphic file (type bmp)
<images/test_case11.jpg>
 [36]
File: images/test_case11.jpg Graphic file (type bmp)
<images/test_case11.jpg>
File: images/test_case2.jpg Graphic file (type bmp)
<images/test_case2.jpg>
 [37]
File: images/test_case2.jpg Graphic file (type bmp)
<images/test_case2.jpg>
File: images/test_case11.jpg Graphic file (type bmp)
<images/test_case11.jpg>
 [38]
File: images/test_case12.jpg Graphic file (type bmp)
<images/test_case12.jpg>
File: images/test_case13.jpg Graphic file (type bmp)
<images/test_case13.jpg>
)
(Заключение.tex [39] [40]) (СписокИсточников.tex [41]
Underfull \hbox (badness 2245) in paragraph at lines 5--6
[]\TU/TimesNewRoman(0)/m/n/14.4 Лерч А. ”Python для анализа звука”/ Александр Л
ерч. – Packt
 []


Underfull \hbox (badness 2326) in paragraph at lines 7--8
[]\TU/TimesNewRoman(0)/m/n/14.4 Рид М. ”Обработка звука в Python”/ Майк Рид. – 
CreateSpace
 []

[42]) (Код.tex [43] (D:\Course\MiKTeX\tex/latex/listings\lstlang1.sty
File: lstlang1.sty 2023/02/27 1.9 listings language file
)
Package hyperref Info: bookmark level for unknown lstlisting defaults to 0 on i
nput line 4.
LaTeX Font Info:    Font shape `TU/Verdana(0)/m/n' will be
(Font)              scaled to size 10.07994pt on input line 4.
 (main.py [44] [45] [46] [47] [48] [49] [50]) [51] (audio.py [52] [53] [54] [55
])
[56] (audioplayer.py [57] [58] [59]) [60] (canvas.py [61] [62] [63] [64]
[65]) [66] (command.py [67]) [68] (eline.py) [69] (tline.py [70] [71]) [72]
(window.py)) [73] (main.aux)
 ***********
LaTeX2e <2023-11-01>
L3 programming layer <2024-01-04>
 ***********
Package rerunfilecheck Info: File `main.out' has not changed.
(rerunfilecheck)             Checksum: 10C3B938E25E43DBDA7E99E9F4413447;9689.
 ) 
Here is how much of TeX's memory you used:
 16798 strings out of 409617
 317849 string characters out of 5779698
 2167177 words of memory out of 5000000
 38634 multiletter control sequences out of 15000+600000
 559598 words of font info for 72 fonts, out of 8000000 for 9000
 1348 hyphenation exceptions out of 8191
 99i,16n,110p,769b,2249s stack positions out of 10000i,1000n,20000p,200000b,200000s

Output written on main.pdf (73 pages).
